2024.07.17 16:37:20 INFO  Started: Metals version 1.3.3 in folders 'C:\Users\j.mccay\Desktop\ScalaTest\scalatest-joe' for client Visual Studio Code 1.91.1.
SLF4J(W): Class path contains multiple SLF4J providers.
SLF4J(W): Found provider [scribe.slf4j.ScribeServiceProvider@615c79fb]
SLF4J(W): Found provider [ch.qos.logback.classic.spi.LogbackServiceProvider@657cabbd]
SLF4J(W): See https://www.slf4j.org/codes.html#multiple_bindings for an explanation.
SLF4J(I): Actual provider is of type [scribe.slf4j.ScribeServiceProvider@615c79fb]
2024.07.17 16:37:21 WARN  Flyway upgrade recommended: H2 2.2.224 is newer than this version of Flyway and support has not been tested. The latest supported version of H2 is 2.2.220.
2024.07.17 16:37:24 INFO  running 'C:\Users\j.mccay\AppData\Local\Coursier\cache\arc\https\github.com\adoptium\temurin17-binaries\releases\download\jdk-17%252B35\OpenJDK17-jdk_x64_windows_hotspot_17_35.zip\jdk-17+35\bin\java.exe -Djline.terminal=jline.UnsupportedTerminal -Dsbt.log.noformat=true -Dfile.encoding=UTF-8 -jar C:\Users\J1988~1.MCC\AppData\Local\Temp\metals4860134231703456797\sbt-launch.jar -Dbloop.export-jar-classifiers=sources bloopInstall'
2024.07.17 16:37:26 INFO  [info] welcome to sbt 1.10.1 (Eclipse Adoptium Java 17)
2024.07.17 16:37:28 INFO  [info] loading settings for project scalatest-joe-build-build from metals.sbt ...
2024.07.17 16:37:29 INFO  [info] loading project definition from C:\Users\j.mccay\Desktop\ScalaTest\scalatest-joe\project\project
2024.07.17 16:37:32 INFO  [info] loading settings for project scalatest-joe-build from metals.sbt ...
2024.07.17 16:37:32 INFO  [info] loading project definition from C:\Users\j.mccay\Desktop\ScalaTest\scalatest-joe\project
2024.07.17 16:37:35 INFO  [success] Generated .bloop\scalatest-joe-build.json
2024.07.17 16:37:35 INFO  [success] Total time: 3 s, completed 17 Jul 2024, 16:37:35
2024.07.17 16:37:37 INFO  [info] loading settings for project root from build.sbt ...
2024.07.17 16:37:37 INFO  [info] set current project to scalatest-joe (in build file:/C:/Users/j.mccay/Desktop/ScalaTest/scalatest-joe/)
2024.07.17 16:37:42 INFO  [success] Generated .bloop\root.json
2024.07.17 16:37:42 INFO  [success] Generated .bloop\root-test.json
2024.07.17 16:37:42 INFO  [success] Total time: 4 s, completed 17 Jul 2024, 16:37:42
2024.07.17 16:37:42 INFO  time: ran 'sbt bloopInstall' in 17s
2024.07.17 16:37:42 INFO  Attempting to connect to the build server...
2024.07.17 16:37:42 INFO  tracing is disabled for protocol BSP, to enable tracing of incoming and outgoing JSON messages create an empty file at C:\Users\j.mccay\Desktop\ScalaTest\scalatest-joe\.metals\bsp.trace.json or C:\Users\j.mccay\AppData\Local\scalameta\metals\cache\bsp.trace.json
2024.07.17 16:37:42 INFO  Attempting to connect to the build server...
2024.07.17 16:37:42 INFO  tracing is disabled for protocol BSP, to enable tracing of incoming and outgoing JSON messages create an empty file at C:\Users\j.mccay\Desktop\ScalaTest\scalatest-joe\project\.metals\bsp.trace.json or C:\Users\j.mccay\AppData\Local\scalameta\metals\cache\bsp.trace.json
2024.07.17 16:37:42 INFO  time: Connected to build server in 0.46s
2024.07.17 16:37:42 INFO  Connected to Build server: Bloop v1.6.0
2024.07.17 16:37:42 INFO  time: Imported build in 0.18s
2024.07.17 16:37:42 INFO  running doctor check
2024.07.17 16:37:42 INFO  java targets: root, scalatest-joe-build, root-test
2024.07.17 16:37:46 WARN  Flyway upgrade recommended: H2 2.2.224 is newer than this version of Flyway and support has not been tested. The latest supported version of H2 is 2.2.220.
2024.07.17 16:37:56 INFO  time: indexed workspace in 14s
2024.07.17 16:38:07 INFO  compiling root (1 scala source)
2024.07.17 16:38:10 INFO  compiling root-test (1 scala source)
2024.07.17 16:38:10 INFO  time: compiled root in 4.06s
2024.07.17 16:38:11 INFO  time: compiled root-test in 1.43s
2024.07.17 16:38:20 INFO  tracing is disabled for protocol dap-server, to enable tracing of incoming and outgoing JSON messages create an empty file at C:\Users\j.mccay\Desktop\ScalaTest\scalatest-joe\.metals\dap-server.trace.json or C:\Users\j.mccay\AppData\Local\scalameta\metals\cache\dap-server.trace.json
2024.07.17 16:38:20 INFO  tracing is disabled for protocol dap-client, to enable tracing of incoming and outgoing JSON messages create an empty file at C:\Users\j.mccay\Desktop\ScalaTest\scalatest-joe\.metals\dap-client.trace.json or C:\Users\j.mccay\AppData\Local\scalameta\metals\cache\dap-client.trace.json
2024.07.17 16:38:20 INFO  Starting debug proxy for [CubeCalculatorTest(CubeCalculator.cube)]
2024.07.17 16:38:20 INFO  Initialized Scala 3 decoder in 4 milliseconds
2024.07.17 16:38:20 INFO  Trying to attach to remote debuggee VM 127.0.0.1:58709 .
2024.07.17 16:38:20 INFO  Attaching to debuggee VM succeeded.
2024.07.17 16:38:21 INFO  Canceling debug proxy for [CubeCalculatorTest(CubeCalculator.cube)]
2024.07.17 16:38:21 INFO  Closing debug server tcp://0.0.0.0:58705
